#
# There is insufficient memory for the Java Runtime Environment to continue.
# Native memory allocation (malloc) failed to allocate 32784 bytes for Chunk::new
# Possible reasons:
#   The system is out of physical RAM or swap space
#   The process is running with CompressedOops enabled, and the Java Heap may be blocking the growth of the native heap
# Possible solutions:
#   Reduce memory load on the system
#   Increase physical memory or swap space
#   Check if swap backing store is full
#   Decrease Java heap size (-Xmx/-Xms)
#   Decrease number of Java threads
#   Decrease Java thread stack sizes (-Xss)
#   Set larger code cache with -XX:ReservedCodeCacheSize=
#   JVM is running with Unscaled Compressed Oops mode in which the Java heap is
#     placed in the first 4GB address space. The Java Heap base address is the
#     maximum limit for the native heap growth. Please use -XX:HeapBaseMinAddress
#     to set the Java Heap base and to place the Java Heap above 4GB virtual address.
# This output file may be truncated or incomplete.
#
#  Out of Memory Error (./open/src/hotspot/share/memory/arena.cpp:197), pid=17780, tid=816
#
# JRE version: Java(TM) SE Runtime Environment 18.9 (11.0.20+9) (build 11.0.20+9-LTS-256)
# Java VM: Java HotSpot(TM) 64-Bit Server VM 18.9 (11.0.20+9-LTS-256, mixed mode, tiered, compressed oops, g1 gc, windows-amd64)
# No core dump will be written. Minidumps are not enabled by default on client versions of Windows
#

---------------  S U M M A R Y ------------

Command Line: -XX:MaxMetaspaceSize=512m --add-opens=java.base/java.util=ALL-UNNAMED --add-opens=java.base/java.lang=ALL-UNNAMED --add-opens=java.base/java.lang.invoke=ALL-UNNAMED --add-opens=java.prefs/java.util.prefs=ALL-UNNAMED --add-opens=java.base/java.nio.charset=ALL-UNNAMED --add-opens=java.base/java.net=ALL-UNNAMED --add-opens=java.base/java.util.concurrent.atomic=ALL-UNNAMED -Xmx2048m -Dfile.encoding=windows-1254 -Duser.country=TR -Duser.language=tr -Duser.variant org.gradle.launcher.daemon.bootstrap.GradleDaemon 8.0.1

Host: Intel(R) Core(TM) i3-8145U CPU @ 2.10GHz, 4 cores, 3G,  Windows 10 , 64 bit Build 19041 (10.0.19041.3636)
Time: Mon Nov 27 09:45:00 2023 Rusya TZ 2 Standart Saati elapsed time: 67.083657 seconds (0d 0h 1m 7s)

---------------  T H R E A D  ---------------

Current thread (0x00000203dc39f000):  JavaThread "C2 CompilerThread0" daemon [_thread_in_native, id=816, stack(0x0000003a41600000,0x0000003a41700000)]


Current CompileTask:
C2:  67083 2527 %     4       sun.nio.cs.UTF_8$Decoder::decodeArrayLoop @ 73 (691 bytes)

Stack: [0x0000003a41600000,0x0000003a41700000]
Native frames: (J=compiled Java code, j=interpreted, Vv=VM code, C=native code)
V  [jvm.dll+0x6602ba]
V  [jvm.dll+0x7a32af]
V  [jvm.dll+0x7a4979]
V  [jvm.dll+0x7a5013]
V  [jvm.dll+0x258ef5]
V  [jvm.dll+0xb2a0c]
V  [jvm.dll+0xb2fcc]
V  [jvm.dll+0xb2b24]
V  [jvm.dll+0x63fbaf]
V  [jvm.dll+0x5799f8]
V  [jvm.dll+0x565e41]
V  [jvm.dll+0x5692b3]
V  [jvm.dll+0x568a39]
V  [jvm.dll+0x568920]
V  [jvm.dll+0x568aa7]
V  [jvm.dll+0x56fddf]
V  [jvm.dll+0x21aaa1]
V  [jvm.dll+0x214285]
V  [jvm.dll+0x210ab4]
V  [jvm.dll+0x18cdb1]
V  [jvm.dll+0x220e59]
V  [jvm.dll+0x21f17c]
V  [jvm.dll+0x767061]
V  [jvm.dll+0x75f8e4]
V  [jvm.dll+0x65f165]
C  [ucrtbase.dll+0x21bb2]
C  [KERNEL32.DLL+0x17344]
C  [ntdll.dll+0x526b1]


---------------  P R O C E S S  ---------------

Threads class SMR info:
_java_thread_list=0x00000203dec82280, length=24, elements={
0x00000203be3c2800, 0x00000203dc33b800, 0x00000203dc33d000, 0x00000203dc399000,
0x00000203dc39b000, 0x00000203dc39c000, 0x00000203dc39f000, 0x00000203dc4f3000,
0x00000203dc4f7000, 0x00000203dc5f6000, 0x00000203dd630800, 0x00000203dc598000,
0x00000203dd480000, 0x00000203dd780000, 0x00000203dc98e800, 0x00000203dc79c800,
0x00000203dd134000, 0x00000203dd151800, 0x00000203dd135000, 0x00000203dd14a800,
0x00000203dd147000, 0x00000203dd149000, 0x00000203dd144800, 0x00000203dd145800
}

Java Threads: ( => current thread )
  0x00000203be3c2800 JavaThread "main" [_thread_blocked, id=14132, stack(0x0000003a40a00000,0x0000003a40b00000)]
  0x00000203dc33b800 JavaThread "Reference Handler" daemon [_thread_blocked, id=12604, stack(0x0000003a41100000,0x0000003a41200000)]
  0x00000203dc33d000 JavaThread "Finalizer" daemon [_thread_blocked, id=10124, stack(0x0000003a41200000,0x0000003a41300000)]
  0x00000203dc399000 JavaThread "Signal Dispatcher" daemon [_thread_blocked, id=212, stack(0x0000003a41300000,0x0000003a41400000)]
  0x00000203dc39b000 JavaThread "Attach Listener" daemon [_thread_blocked, id=13024, stack(0x0000003a41400000,0x0000003a41500000)]
  0x00000203dc39c000 JavaThread "Service Thread" daemon [_thread_blocked, id=10036, stack(0x0000003a41500000,0x0000003a41600000)]
=>0x00000203dc39f000 JavaThread "C2 CompilerThread0" daemon [_thread_in_native, id=816, stack(0x0000003a41600000,0x0000003a41700000)]
  0x00000203dc4f3000 JavaThread "C1 CompilerThread0" daemon [_thread_blocked, id=12344, stack(0x0000003a41700000,0x0000003a41800000)]
  0x00000203dc4f7000 JavaThread "Sweeper thread" daemon [_thread_blocked, id=15176, stack(0x0000003a41800000,0x0000003a41900000)]
  0x00000203dc5f6000 JavaThread "Common-Cleaner" daemon [_thread_blocked, id=15156, stack(0x0000003a41900000,0x0000003a41a00000)]
  0x00000203dd630800 JavaThread "Daemon health stats" [_thread_blocked, id=11216, stack(0x0000003a41c00000,0x0000003a41d00000)]
  0x00000203dc598000 JavaThread "Incoming local TCP Connector on port 54556" [_thread_in_native, id=5704, stack(0x0000003a41f00000,0x0000003a42000000)]
  0x00000203dd480000 JavaThread "Daemon periodic checks" [_thread_blocked, id=16352, stack(0x0000003a42000000,0x0000003a42100000)]
  0x00000203dd780000 JavaThread "Daemon" [_thread_blocked, id=4596, stack(0x0000003a42100000,0x0000003a42200000)]
  0x00000203dc98e800 JavaThread "Handler for socket connection from /127.0.0.1:54556 to /127.0.0.1:54559" [_thread_in_native, id=15760, stack(0x0000003a42200000,0x0000003a42300000)]
  0x00000203dc79c800 JavaThread "Cancel handler" [_thread_blocked, id=15432, stack(0x0000003a42300000,0x0000003a42400000)]
  0x00000203dd134000 JavaThread "Daemon worker" [_thread_in_vm, id=18364, stack(0x0000003a42400000,0x0000003a42500000)]
  0x00000203dd151800 JavaThread "Asynchronous log dispatcher for DefaultDaemonConnection: socket connection from /127.0.0.1:54556 to /127.0.0.1:54559" [_thread_blocked, id=2988, stack(0x0000003a42500000,0x0000003a42600000)]
  0x00000203dd135000 JavaThread "Stdin handler" [_thread_blocked, id=6540, stack(0x0000003a42600000,0x0000003a42700000)]
  0x00000203dd14a800 JavaThread "Daemon client event forwarder" [_thread_blocked, id=13648, stack(0x0000003a42700000,0x0000003a42800000)]
  0x00000203dd147000 JavaThread "Cache worker for journal cache (C:\Users\User\.gradle\caches\journal-1)" [_thread_blocked, id=3772, stack(0x0000003a42800000,0x0000003a42900000)]
  0x00000203dd149000 JavaThread "File lock request listener" [_thread_in_native, id=5164, stack(0x0000003a42900000,0x0000003a42a00000)]
  0x00000203dd144800 JavaThread "File lock release action executor" [_thread_blocked, id=18032, stack(0x0000003a42a00000,0x0000003a42b00000)]
  0x00000203dd145800 JavaThread "Cache worker for file hash cache (C:\Users\User\.gradle\caches\8.0.1\fileHashes)" [_thread_blocked, id=1812, stack(0x0000003a40700000,0x0000003a40800000)]

Other Threads:
  0x00000203dc336000 VMThread "VM Thread" [stack: 0x0000003a41000000,0x0000003a41100000] [id=8028]
  0x00000203dc624800 WatcherThread [stack: 0x0000003a41a00000,0x0000003a41b00000] [id=8864]
  0x00000203be3d9800 GCTaskThread "GC Thread#0" [stack: 0x0000003a40b00000,0x0000003a40c00000] [id=1496]
  0x00000203dc94c000 GCTaskThread "GC Thread#1" [stack: 0x0000003a41b00000,0x0000003a41c00000] [id=10740]
  0x00000203dd572000 GCTaskThread "GC Thread#2" [stack: 0x0000003a41d00000,0x0000003a41e00000] [id=12636]
  0x00000203de4f4000 GCTaskThread "GC Thread#3" [stack: 0x0000003a41e00000,0x0000003a41f00000] [id=2040]
  0x00000203be409000 ConcurrentGCThread "G1 Main Marker" [stack: 0x0000003a40c00000,0x0000003a40d00000] [id=12772]
  0x00000203be40a800 ConcurrentGCThread "G1 Conc#0" [stack: 0x0000003a40d00000,0x0000003a40e00000] [id=12896]
  0x00000203be463000 ConcurrentGCThread "G1 Refine#0" [stack: 0x0000003a40e00000,0x0000003a40f00000] [id=2848]
  0x00000203be464000 ConcurrentGCThread "G1 Young RemSet Sampling" [stack: 0x0000003a40f00000,0x0000003a41000000] [id=4584]

Threads with active compile tasks:
C2 CompilerThread0    67567 2527 %     4       sun.nio.cs.UTF_8$Decoder::decodeArrayLoop @ 73 (691 bytes)

VM state:not at safepoint (normal execution)

VM Mutex/Monitor currently owned by a thread:  ([mutex/lock_event])
[0x00000203be3b7c90] CodeCache_lock - owner thread: 0x00000203dd134000
[0x00000203be3bec10] Compile_lock - owner thread: 0x00000203dd134000

Heap address: 0x0000000080000000, size: 2048 MB, Compressed Oops mode: 32-bit
Narrow klass base: 0x0000000000000000, Narrow klass shift: 3
Compressed class space size: 528482304 Address: 0x0000000100000000

Heap:
 garbage-first heap   total 76800K, used 30525K [0x0000000080000000, 0x0000000100000000)
  region size 1024K, 14 young (14336K), 3 survivors (3072K)
 Metaspace       used 25702K, capacity 26337K, committed 26544K, reserved 540672K
  class space    used 3290K, capacity 3519K, committed 3584K, reserved 516096K
Heap Regions: E=young(eden), S=young(survivor), O=old, HS=humongous(starts), HC=humongous(continues), CS=collection set, F=free, A=archive, TAMS=top-at-mark-start (previous, next)
|   0|0x0000000080000000, 0x0000000080100000, 0x0000000080100000|100%| O|  |TAMS 0x0000000080100000, 0x0000000080000000| Untracked 
|   1|0x0000000080100000, 0x0000000080200000, 0x0000000080200000|100%| O|  |TAMS 0x0000000080200000, 0x0000000080100000| Untracked 
|   2|0x0000000080200000, 0x0000000080300000, 0x0000000080300000|100%| O|  |TAMS 0x0000000080300000, 0x0000000080200000| Untracked 
|   3|0x0000000080300000, 0x0000000080400000, 0x0000000080400000|100%|HS|  |TAMS 0x0000000080400000, 0x0000000080300000| Complete 
|   4|0x0000000080400000, 0x0000000080500000, 0x0000000080500000|100%|HC|  |TAMS 0x0000000080500000, 0x0000000080400000| Complete 
|   5|0x0000000080500000, 0x0000000080600000, 0x0000000080600000|100%|HC|  |TAMS 0x0000000080600000, 0x0000000080500000| Complete 
|   6|0x0000000080600000, 0x0000000080700000, 0x0000000080700000|100%|HC|  |TAMS 0x0000000080700000, 0x0000000080600000| Complete 
|   7|0x0000000080700000, 0x0000000080800000, 0x0000000080800000|100%| O|  |TAMS 0x0000000080800000, 0x0000000080700000| Untracked 
|   8|0x0000000080800000, 0x0000000080900000, 0x0000000080900000|100%| O|  |TAMS 0x0000000080900000, 0x0000000080800000| Untracked 
|   9|0x0000000080900000, 0x0000000080a00000, 0x0000000080a00000|100%| O|  |TAMS 0x0000000080a00000, 0x0000000080900000| Untracked 
|  10|0x0000000080a00000, 0x0000000080b00000, 0x0000000080b00000|100%| O|  |TAMS 0x0000000080b00000, 0x0000000080a00000| Untracked 
|  11|0x0000000080b00000, 0x0000000080c00000, 0x0000000080c00000|100%| O|  |TAMS 0x0000000080c00000, 0x0000000080b00000| Untracked 
|  12|0x0000000080c00000, 0x0000000080d00000, 0x0000000080d00000|100%| O|  |TAMS 0x0000000080d00000, 0x0000000080c00000| Untracked 
|  13|0x0000000080d00000, 0x0000000080e00000, 0x0000000080e00000|100%| O|  |TAMS 0x0000000080e00000, 0x0000000080d00000| Untracked 
|  14|0x0000000080e00000, 0x0000000080f00000, 0x0000000080f00000|100%| O|  |TAMS 0x0000000080f00000, 0x0000000080e00000| Untracked 
|  15|0x0000000080f00000, 0x0000000081000000, 0x0000000081000000|100%| O|  |TAMS 0x0000000081000000, 0x0000000080f00000| Untracked 
|  16|0x0000000081000000, 0x0000000081100000, 0x0000000081100000|100%| O|  |TAMS 0x0000000081100000, 0x0000000081000000| Untracked 
|  17|0x0000000081100000, 0x0000000081194e00, 0x0000000081200000| 58%| O|  |TAMS 0x0000000081194e00, 0x0000000081100000| Untracked 
|  18|0x0000000081200000, 0x0000000081200000, 0x0000000081300000|  0%| F|  |TAMS 0x0000000081200000, 0x0000000081200000| Untracked 
|  19|0x0000000081300000, 0x0000000081300000, 0x0000000081400000|  0%| F|  |TAMS 0x0000000081300000, 0x0000000081300000| Untracked 
|  20|0x0000000081400000, 0x0000000081400000, 0x0000000081500000|  0%| F|  |TAMS 0x0000000081400000, 0x0000000081400000| Untracked 
|  21|0x0000000081500000, 0x0000000081500000, 0x0000000081600000|  0%| F|  |TAMS 0x0000000081500000, 0x0000000081500000| Untracked 
|  22|0x0000000081600000, 0x0000000081600000, 0x0000000081700000|  0%| F|  |TAMS 0x0000000081600000, 0x0000000081600000| Untracked 
|  23|0x0000000081700000, 0x0000000081700000, 0x0000000081800000|  0%| F|  |TAMS 0x0000000081700000, 0x0000000081700000| Untracked 
|  24|0x0000000081800000, 0x0000000081800000, 0x0000000081900000|  0%| F|  |TAMS 0x0000000081800000, 0x0000000081800000| Untracked 
|  25|0x0000000081900000, 0x0000000081900000, 0x0000000081a00000|  0%| F|  |TAMS 0x0000000081900000, 0x0000000081900000| Untracked 
|  26|0x0000000081a00000, 0x0000000081a00000, 0x0000000081b00000|  0%| F|  |TAMS 0x0000000081a00000, 0x0000000081a00000| Untracked 
|  27|0x0000000081b00000, 0x0000000081b00000, 0x0000000081c00000|  0%| F|  |TAMS 0x0000000081b00000, 0x0000000081b00000| Untracked 
|  28|0x0000000081c00000, 0x0000000081c00000, 0x0000000081d00000|  0%| F|  |TAMS 0x0000000081c00000, 0x0000000081c00000| Untracked 
|  29|0x0000000081d00000, 0x0000000081d00000, 0x0000000081e00000|  0%| F|  |TAMS 0x0000000081d00000, 0x0000000081d00000| Untracked 
|  30|0x0000000081e00000, 0x0000000081e00000, 0x0000000081f00000|  0%| F|  |TAMS 0x0000000081e00000, 0x0000000081e00000| Untracked 
|  31|0x0000000081f00000, 0x0000000081f00000, 0x0000000082000000|  0%| F|  |TAMS 0x0000000081f00000, 0x0000000081f00000| Untracked 
|  32|0x0000000082000000, 0x0000000082000000, 0x0000000082100000|  0%| F|  |TAMS 0x0000000082000000, 0x0000000082000000| Untracked 
|  33|0x0000000082100000, 0x0000000082100000, 0x0000000082200000|  0%| F|  |TAMS 0x0000000082100000, 0x0000000082100000| Untracked 
|  34|0x0000000082200000, 0x0000000082200000, 0x0000000082300000|  0%| F|  |TAMS 0x0000000082200000, 0x0000000082200000| Untracked 
|  35|0x0000000082300000, 0x0000000082300000, 0x0000000082400000|  0%| F|  |TAMS 0x0000000082300000, 0x0000000082300000| Untracked 
|  36|0x0000000082400000, 0x0000000082400000, 0x0000000082500000|  0%| F|  |TAMS 0x0000000082400000, 0x0000000082400000| Untracked 
|  37|0x0000000082500000, 0x0000000082500000, 0x0000000082600000|  0%| F|  |TAMS 0x0000000082500000, 0x0000000082500000| Untracked 
|  38|0x0000000082600000, 0x0000000082600000, 0x0000000082700000|  0%| F|  |TAMS 0x0000000082600000, 0x0000000082600000| Untracked 
|  39|0x0000000082700000, 0x0000000082700000, 0x0000000082800000|  0%| F|  |TAMS 0x0000000082700000, 0x0000000082700000| Untracked 
|  40|0x0000000082800000, 0x0000000082800000, 0x0000000082900000|  0%| F|  |TAMS 0x0000000082800000, 0x0000000082800000| Untracked 
|  41|0x0000000082900000, 0x0000000082900000, 0x0000000082a00000|  0%| F|  |TAMS 0x0000000082900000, 0x0000000082900000| Untracked 
|  42|0x0000000082a00000, 0x0000000082a00000, 0x0000000082b00000|  0%| F|  |TAMS 0x0000000082a00000, 0x0000000082a00000| Untracked 
|  43|0x0000000082b00000, 0x0000000082b00000, 0x0000000082c00000|  0%| F|  |TAMS 0x0000000082b00000, 0x0000000082b00000| Untracked 
|  44|0x0000000082c00000, 0x0000000082c00000, 0x0000000082d00000|  0%| F|  |TAMS 0x0000000082c00000, 0x0000000082c00000| Untracked 
|  45|0x0000000082d00000, 0x0000000082d00000, 0x0000000082e00000|  0%| F|  |TAMS 0x0000000082d00000, 0x0000000082d00000| Untracked 
|  46|0x0000000082e00000, 0x0000000082e00000, 0x0000000082f00000|  0%| F|  |TAMS 0x0000000082e00000, 0x0000000082e00000| Untracked 
|  47|0x0000000082f00000, 0x0000000082f00000, 0x0000000083000000|  0%| F|  |TAMS 0x0000000082f00000, 0x0000000082f00000| Untracked 
|  48|0x0000000083000000, 0x000000008303a640, 0x0000000083100000| 22%| S|CS|TAMS 0x0000000083000000, 0x0000000083000000| Complete 
|  49|0x0000000083100000, 0x0000000083200000, 0x0000000083200000|100%| S|CS|TAMS 0x0000000083100000, 0x0000000083100000| Complete 
|  50|0x0000000083200000, 0x0000000083300000, 0x0000000083300000|100%| S|CS|TAMS 0x0000000083200000, 0x0000000083200000| Complete 
|  51|0x0000000083300000, 0x0000000083300000, 0x0000000083400000|  0%| F|  |TAMS 0x0000000083300000, 0x0000000083300000| Untracked 
|  52|0x0000000083400000, 0x0000000083400000, 0x0000000083500000|  0%| F|  |TAMS 0x0000000083400000, 0x0000000083400000| Untracked 
|  53|0x0000000083500000, 0x0000000083500000, 0x0000000083600000|  0%| F|  |TAMS 0x0000000083500000, 0x0000000083500000| Untracked 
|  54|0x0000000083600000, 0x0000000083600000, 0x0000000083700000|  0%| F|  |TAMS 0x0000000083600000, 0x0000000083600000| Untracked 
|  55|0x0000000083700000, 0x0000000083700000, 0x0000000083800000|  0%| F|  |TAMS 0x0000000083700000, 0x0000000083700000| Untracked 
|  56|0x0000000083800000, 0x0000000083800000, 0x0000000083900000|  0%| F|  |TAMS 0x0000000083800000, 0x0000000083800000| Untracked 
|  57|0x0000000083900000, 0x0000000083900000, 0x0000000083a00000|  0%| F|  |TAMS 0x0000000083900000, 0x0000000083900000| Untracked 
|  58|0x0000000083a00000, 0x0000000083a00000, 0x0000000083b00000|  0%| F|  |TAMS 0x0000000083a00000, 0x0000000083a00000| Untracked 
|  59|0x0000000083b00000, 0x0000000083b00000, 0x0000000083c00000|  0%| F|  |TAMS 0x0000000083b00000, 0x0000000083b00000| Untracked 
|  60|0x0000000083c00000, 0x0000000083c00000, 0x0000000083d00000|  0%| F|  |TAMS 0x0000000083c00000, 0x0000000083c00000| Untracked 
|  61|0x0000000083d00000, 0x0000000083d00000, 0x0000000083e00000|  0%| F|  |TAMS 0x0000000083d00000, 0x0000000083d00000| Untracked 
|  62|0x0000000083e00000, 0x0000000083e00000, 0x0000000083f00000|  0%| F|  |TAMS 0x0000000083e00000, 0x0000000083e00000| Untracked 
|  63|0x0000000083f00000, 0x0000000083f00000, 0x0000000084000000|  0%| F|  |TAMS 0x0000000083f00000, 0x0000000083f00000| Untracked 
|  64|0x0000000084000000, 0x000000008406f888, 0x0000000084100000| 43%| E|  |TAMS 0x0000000084000000, 0x0000000084000000| Complete 
|  65|0x0000000084100000, 0x0000000084200000, 0x0000000084200000|100%| E|CS|TAMS 0x0000000084100000, 0x0000000084100000| Complete 
|  66|0x0000000084200000, 0x0000000084300000, 0x0000000084300000|100%| E|CS|TAMS 0x0000000084200000, 0x0000000084200000| Complete 
|  67|0x0000000084300000, 0x0000000084400000, 0x0000000084400000|100%| E|CS|TAMS 0x0000000084300000, 0x0000000084300000| Complete 
|  68|0x0000000084400000, 0x0000000084500000, 0x0000000084500000|100%| E|CS|TAMS 0x0000000084400000, 0x0000000084400000| Complete 
|  69|0x0000000084500000, 0x0000000084600000, 0x0000000084600000|100%| E|CS|TAMS 0x0000000084500000, 0x0000000084500000| Complete 
|  70|0x0000000084600000, 0x0000000084700000, 0x0000000084700000|100%| E|CS|TAMS 0x0000000084600000, 0x0000000084600000| Complete 
|  71|0x0000000084700000, 0x0000000084800000, 0x0000000084800000|100%| E|CS|TAMS 0x0000000084700000, 0x0000000084700000| Complete 
|  72|0x0000000084800000, 0x0000000084900000, 0x0000000084900000|100%| E|CS|TAMS 0x0000000084800000, 0x0000000084800000| Complete 
|  73|0x0000000084900000, 0x0000000084a00000, 0x0000000084a00000|100%| E|CS|TAMS 0x0000000084900000, 0x0000000084900000| Complete 
|  74|0x0000000084a00000, 0x0000000084b00000, 0x0000000084b00000|100%| E|CS|TAMS 0x0000000084a00000, 0x0000000084a00000| Complete 

Card table byte_map: [0x00000203d4eb0000,0x00000203d52b0000] _byte_map_base: 0x00000203d4ab0000

Marking Bits (Prev, Next): (CMBitMap*) 0x00000203be400600, (CMBitMap*) 0x00000203be4005c8
 Prev Bits: [0x00000203d76b0000, 0x00000203d96b0000)
 Next Bits: [0x00000203d56b0000, 0x00000203d76b0000)

Polling page: 0x00000203bdba0000

Metaspace:

Usage:
  Non-class:     22.28 MB capacity,    21.89 MB ( 98%) used,   354.77 KB (  2%) free+waste,    51.19 KB ( <1%) overhead. 
      Class:      3.44 MB capacity,     3.21 MB ( 93%) used,   202.90 KB (  6%) free+waste,    26.06 KB ( <1%) overhead. 
       Both:     25.72 MB capacity,    25.10 MB ( 98%) used,   557.67 KB (  2%) free+waste,    77.25 KB ( <1%) overhead. 

Virtual space:
  Non-class space:       24.00 MB reserved,      22.42 MB ( 93%) committed 
      Class space:      504.00 MB reserved,       3.50 MB ( <1%) committed 
             Both:      528.00 MB reserved,      25.92 MB (  5%) committed 

Chunk freelists:
   Non-Class:  1.75 KB
       Class:  128 bytes
        Both:  1.88 KB

CodeHeap 'non-profiled nmethods': size=120064Kb used=1211Kb max_used=1211Kb free=118853Kb
 bounds [0x00000203cd570000, 0x00000203cd7e0000, 0x00000203d4ab0000]
CodeHeap 'profiled nmethods': size=120000Kb used=5328Kb max_used=5328Kb free=114671Kb
 bounds [0x00000203c6040000, 0x00000203c6580000, 0x00000203cd570000]
CodeHeap 'non-nmethods': size=5696Kb used=1164Kb max_used=1202Kb free=4531Kb
 bounds [0x00000203c5ab0000, 0x00000203c5d20000, 0x00000203c6040000]
 total_blobs=3047 nmethods=2536 adapters=422
 compilation: enabled
              stopped_count=0, restarted_count=0
 full_count=0

Compilation events (10 events):
Event: 67.057 Thread 0x00000203dc4f3000 2533       3       com.google.common.base.Splitter$1::iterator (11 bytes)
Event: 67.057 Thread 0x00000203dc4f3000 nmethod 2533 0x00000203c656d690 code [0x00000203c656d840, 0x00000203c656daa8]
Event: 67.057 Thread 0x00000203dc4f3000 2534       3       com.google.common.base.Splitter$1$1::<init> (12 bytes)
Event: 67.057 Thread 0x00000203dc4f3000 nmethod 2534 0x00000203c656db90 code [0x00000203c656dd40, 0x00000203c656dec8]
Event: 67.057 Thread 0x00000203dc4f3000 2535       3       com.google.common.base.Splitter$SplittingIterator::<init> (39 bytes)
Event: 67.057 Thread 0x00000203dc4f3000 nmethod 2535 0x00000203c656df90 code [0x00000203c656e140, 0x00000203c656e478]
Event: 67.057 Thread 0x00000203dc4f3000 2536       3       com.google.common.base.AbstractIterator::<init> (12 bytes)
Event: 67.058 Thread 0x00000203dc4f3000 nmethod 2536 0x00000203c656e590 code [0x00000203c656e740, 0x00000203c656e8f8]
Event: 67.059 Thread 0x00000203dc4f3000 2537       3       com.google.common.base.Splitter::splitToList (52 bytes)
Event: 67.062 Thread 0x00000203dc4f3000 nmethod 2537 0x00000203cd69c710 code [0x00000203cd69ca00, 0x00000203cd69dc98]

GC Heap History (10 events):
Event: 39.147 GC heap before
{Heap before GC invocations=4 (full 0):
 garbage-first heap   total 63488K, used 33918K [0x0000000080000000, 0x0000000100000000)
  region size 1024K, 24 young (24576K), 3 survivors (3072K)
 Metaspace       used 13484K, capacity 13824K, committed 13952K, reserved 528384K
  class space    used 1495K, capacity 1590K, committed 1664K, reserved 516096K
}
Event: 39.321 GC heap after
{Heap after GC invocations=5 (full 0):
 garbage-first heap   total 63488K, used 16356K [0x0000000080000000, 0x0000000100000000)
  region size 1024K, 3 young (3072K), 3 survivors (3072K)
 Metaspace       used 13484K, capacity 13824K, committed 13952K, reserved 528384K
  class space    used 1495K, capacity 1590K, committed 1664K, reserved 516096K
}
Event: 53.423 GC heap before
{Heap before GC invocations=5 (full 0):
 garbage-first heap   total 63488K, used 36836K [0x0000000080000000, 0x0000000100000000)
  region size 1024K, 24 young (24576K), 3 survivors (3072K)
 Metaspace       used 19039K, capacity 19481K, committed 19584K, reserved 534528K
  class space    used 2223K, capacity 2350K, committed 2432K, reserved 516096K
}
Event: 53.529 GC heap after
{Heap after GC invocations=6 (full 0):
 garbage-first heap   total 76800K, used 18126K [0x0000000080000000, 0x0000000100000000)
  region size 1024K, 2 young (2048K), 2 survivors (2048K)
 Metaspace       used 19039K, capacity 19481K, committed 19584K, reserved 534528K
  class space    used 2223K, capacity 2350K, committed 2432K, reserved 516096K
}
Event: 55.891 GC heap before
{Heap before GC invocations=6 (full 0):
 garbage-first heap   total 76800K, used 33486K [0x0000000080000000, 0x0000000100000000)
  region size 1024K, 18 young (18432K), 2 survivors (2048K)
 Metaspace       used 20767K, capacity 21216K, committed 21296K, reserved 536576K
  class space    used 2501K, capacity 2681K, committed 2688K, reserved 516096K
}
Event: 56.054 GC heap after
{Heap after GC invocations=7 (full 0):
 garbage-first heap   total 76800K, used 18667K [0x0000000080000000, 0x0000000100000000)
  region size 1024K, 1 young (1024K), 1 survivors (1024K)
 Metaspace       used 20767K, capacity 21216K, committed 21296K, reserved 536576K
  class space    used 2501K, capacity 2681K, committed 2688K, reserved 516096K
}
Event: 61.798 GC heap before
{Heap before GC invocations=8 (full 0):
 garbage-first heap   total 76800K, used 38123K [0x0000000080000000, 0x0000000100000000)
  region size 1024K, 21 young (21504K), 1 survivors (1024K)
 Metaspace       used 23352K, capacity 24023K, committed 24368K, reserved 538624K
  class space    used 2894K, capacity 3110K, committed 3200K, reserved 516096K
}
Event: 61.868 GC heap after
{Heap after GC invocations=9 (full 0):
 garbage-first heap   total 76800K, used 19389K [0x0000000080000000, 0x0000000100000000)
  region size 1024K, 2 young (2048K), 2 survivors (2048K)
 Metaspace       used 23352K, capacity 24023K, committed 24368K, reserved 538624K
  class space    used 2894K, capacity 3110K, committed 3200K, reserved 516096K
}
Event: 65.402 GC heap before
{Heap before GC invocations=9 (full 0):
 garbage-first heap   total 76800K, used 40893K [0x0000000080000000, 0x0000000100000000)
  region size 1024K, 24 young (24576K), 2 survivors (2048K)
 Metaspace       used 24730K, capacity 25426K, committed 25648K, reserved 538624K
  class space    used 3131K, capacity 3385K, committed 3456K, reserved 516096K
}
Event: 65.471 GC heap after
{Heap after GC invocations=10 (full 0):
 garbage-first heap   total 76800K, used 20285K [0x0000000080000000, 0x0000000100000000)
  region size 1024K, 3 young (3072K), 3 survivors (3072K)
 Metaspace       used 24730K, capacity 25426K, committed 25648K, reserved 538624K
  class space    used 3131K, capacity 3385K, committed 3456K, reserved 516096K
}

Deoptimization events (10 events):
Event: 57.017 Thread 0x00000203dd480000 Uncommon trap: reason=unstable_if action=reinterpret pc=0x00000203cd5a3de4 method=java.lang.AbstractStringBuilder.append(Ljava/lang/String;)Ljava/lang/AbstractStringBuilder; @ 1 c2
Event: 57.150 Thread 0x00000203dd134000 Uncommon trap: reason=unstable_if action=reinterpret pc=0x00000203cd5e5380 method=java.util.regex.Matcher.reset()Ljava/util/regex/Matcher; @ 71 c2
Event: 57.150 Thread 0x00000203dd134000 Uncommon trap: reason=unstable_if action=reinterpret pc=0x00000203cd589498 method=java.util.regex.Matcher.match(II)Z @ 76 c2
Event: 57.165 Thread 0x00000203dd134000 Uncommon trap: reason=unstable_if action=reinterpret pc=0x00000203cd5dc594 method=java.util.regex.Matcher.reset()Ljava/util/regex/Matcher; @ 71 c2
Event: 57.473 Thread 0x00000203dd134000 Uncommon trap: reason=bimorphic_or_optimized_type_check action=maybe_recompile pc=0x00000203cd5e7fa4 method=java.util.AbstractList$Itr.hasNext()Z @ 8 c2
Event: 57.473 Thread 0x00000203dd134000 Uncommon trap: reason=bimorphic_or_optimized_type_check action=maybe_recompile pc=0x00000203cd5eaf34 method=java.util.AbstractList$Itr.next()Ljava/lang/Object; @ 14 c2
Event: 57.477 Thread 0x00000203dd134000 Uncommon trap: reason=unstable_if action=reinterpret pc=0x00000203cd5e36dc method=java.io.File.getName()Ljava/lang/String; @ 16 c2
Event: 57.477 Thread 0x00000203dd134000 Uncommon trap: reason=unstable_if action=reinterpret pc=0x00000203cd5dfe94 method=java.lang.String.substring(I)Ljava/lang/String; @ 34 c2
Event: 58.514 Thread 0x00000203dd134000 Uncommon trap: reason=intrinsic_or_type_checked_inlining action=make_not_entrant pc=0x00000203cd66d2d4 method=java.util.Arrays.copyOf([Ljava/lang/Object;ILjava/lang/Class;)[Ljava/lang/Object; @ 35 c2
Event: 66.589 Thread 0x00000203dd134000 Uncommon trap: reason=unstable_if action=reinterpret pc=0x00000203cd593e74 method=java.util.HashMap.hash(Ljava/lang/Object;)I @ 1 c2

Classes redefined (0 events):
No events

Internal exceptions (10 events):
Event: 57.012 Thread 0x00000203dd480000 Implicit null exception at 0x00000203cd5a8474 to 0x00000203cd5a8978
Event: 57.017 Thread 0x00000203dd480000 Implicit null exception at 0x00000203cd5a38f4 to 0x00000203cd5a3dcc
Event: 60.762 Thread 0x00000203dd134000 Exception <a 'java/lang/NoSuchMethodError'{0x000000008396bbd0}: java.lang.invoke.DirectMethodHandle$Holder.invokeSpecialIFC(Ljava/lang/Object;Ljava/lang/Object;Ljava/lang/Object;Ljava/lang/Object;)I> (0x000000008396bbd0) thrown at [./open/src/hotspot/shar
Event: 60.782 Thread 0x00000203dd134000 Exception <a 'java/lang/NoSuchMethodError'{0x0000000083979b88}: java.lang.invoke.DirectMethodHandle$Holder.invokeInterface(Ljava/lang/Object;Ljava/lang/Object;Ljava/lang/Object;)Ljava/lang/Object;> (0x0000000083979b88) thrown at [./open/src/hotspot/share/
Event: 60.783 Thread 0x00000203dd134000 Exception <a 'java/lang/IncompatibleClassChangeError'{0x000000008397d060}: Found class java.lang.Object, but interface was expected> (0x000000008397d060) thrown at [./open/src/hotspot/share/interpreter/linkResolver.cpp, line 838]
Event: 64.442 Thread 0x00000203dd134000 Exception <a 'java/lang/NoSuchMethodError'{0x0000000083cccca0}: java.lang.invoke.DirectMethodHandle$Holder.invokeVirtual(Ljava/lang/Object;Ljava/lang/Object;Ljava/lang/Object;Ljava/lang/Object;)Ljava/lang/Object;> (0x0000000083cccca0) thrown at [./open/sr
Event: 64.944 Thread 0x00000203dd134000 Exception <a 'java/lang/NoSuchMethodError'{0x00000000839a51e8}: java.lang.invoke.Invokers$Holder.linkToTargetMethod(Ljava/lang/Object;Ljava/lang/Object;Ljava/lang/Object;Ljava/lang/Object;Ljava/lang/Object;Ljava/lang/Object;Ljava/lang/Object;)Ljava/lang/O
Event: 65.147 Thread 0x00000203dd134000 Exception <a 'java/lang/NoSuchMethodError'{0x00000000837466a0}: java.lang.invoke.DirectMethodHandle$Holder.invokeVirtual(Ljava/lang/Object;Ljava/lang/Object;Ljava/lang/Object;Ljava/lang/Object;Ljava/lang/Object;Ljava/lang/Object;Ljava/lang/Object;Ljava/la
Event: 66.543 Thread 0x00000203dd134000 Exception <a 'java/lang/NoSuchMethodError'{0x0000000084638d48}: java.lang.invoke.DirectMethodHandle$Holder.invokeStatic(Ljava/lang/Object;Ljava/lang/Object;Ljava/lang/Object;Ljava/lang/Object;Ljava/lang/Object;)V> (0x0000000084638d48) thrown at [./open/sr
Event: 66.589 Thread 0x00000203dd134000 Implicit null exception at 0x00000203cd593dd8 to 0x00000203cd593e6a

Events (10 events):
Event: 67.003 loading class com/google/common/base/AbstractIterator
Event: 67.003 loading class com/google/common/base/AbstractIterator done
Event: 67.005 loading class com/google/common/base/Splitter$1$1
Event: 67.005 loading class com/google/common/base/Splitter$1$1 done
Event: 67.007 loading class com/google/common/base/AbstractIterator$State
Event: 67.007 loading class com/google/common/base/AbstractIterator$State done
Event: 67.008 loading class com/google/common/base/AbstractIterator$1
Event: 67.008 loading class com/google/common/base/AbstractIterator$1 done
Event: 67.009 loading class com/google/common/base/NullnessCasts
Event: 67.009 loading class com/google/common/base/NullnessCasts done


Dynamic libraries:
0x00007ff62c060000 - 0x00007ff62c070000 	C:\Program Files\Java\jdk-11\bin\java.exe
0x00007ffeef790000 - 0x00007ffeef988000 	C:\WINDOWS\SYSTEM32\ntdll.dll
0x00007ffeeefd0000 - 0x00007ffeef08d000 	C:\WINDOWS\System32\KERNEL32.DLL
0x00007ffeed2f0000 - 0x00007ffeed5e6000 	C:\WINDOWS\System32\KERNELBASE.dll
0x00007ffeed1f0000 - 0x00007ffeed2f0000 	C:\WINDOWS\System32\ucrtbase.dll
0x00007ffea2830000 - 0x00007ffea2849000 	C:\Program Files\Java\jdk-11\bin\jli.dll
0x00007ffeef640000 - 0x00007ffeef6ef000 	C:\WINDOWS\System32\ADVAPI32.dll
0x00007ffeedfa0000 - 0x00007ffeee03e000 	C:\WINDOWS\System32\msvcrt.dll
0x00007ffea2810000 - 0x00007ffea282b000 	C:\Program Files\Java\jdk-11\bin\VCRUNTIME140.dll
0x00007ffeef090000 - 0x00007ffeef12c000 	C:\WINDOWS\System32\sechost.dll
0x00007ffeed8a0000 - 0x00007ffeed9c6000 	C:\WINDOWS\System32\RPCRT4.dll
0x00007ffeee680000 - 0x00007ffeee81e000 	C:\WINDOWS\System32\USER32.dll
0x00007ffeed7c0000 - 0x00007ffeed7e2000 	C:\WINDOWS\System32\win32u.dll
0x00007ffeef400000 - 0x00007ffeef42c000 	C:\WINDOWS\System32\GDI32.dll
0x00007ffed7150000 - 0x00007ffed73ea000 	C:\WINDOWS\WinSxS\amd64_microsoft.windows.common-controls_6595b64144ccf1df_6.0.19041.3636_none_60b6a03d71f818d5\COMCTL32.dll
0x00007ffeed050000 - 0x00007ffeed16a000 	C:\WINDOWS\System32\gdi32full.dll
0x00007ffeece70000 - 0x00007ffeecf0d000 	C:\WINDOWS\System32\msvcp_win.dll
0x00007ffee32e0000 - 0x00007ffee32ea000 	C:\WINDOWS\SYSTEM32\VERSION.dll
0x00007ffeee850000 - 0x00007ffeee880000 	C:\WINDOWS\System32\IMM32.DLL
0x00007ffed31d0000 - 0x00007ffed31dc000 	C:\Program Files\Java\jdk-11\bin\vcruntime140_1.dll
0x00007ffe9c1c0000 - 0x00007ffe9c24e000 	C:\Program Files\Java\jdk-11\bin\msvcp140.dll
0x00007ffe9b650000 - 0x00007ffe9c1bd000 	C:\Program Files\Java\jdk-11\bin\server\jvm.dll
0x00007ffeee820000 - 0x00007ffeee828000 	C:\WINDOWS\System32\PSAPI.DLL
0x00007ffee5960000 - 0x00007ffee5987000 	C:\WINDOWS\SYSTEM32\WINMM.dll
0x00007ffecc140000 - 0x00007ffecc149000 	C:\WINDOWS\SYSTEM32\WSOCK32.dll
0x00007ffeee1d0000 - 0x00007ffeee23b000 	C:\WINDOWS\System32\WS2_32.dll
0x00007ffeeb710000 - 0x00007ffeeb722000 	C:\WINDOWS\SYSTEM32\kernel.appcore.dll
0x00007ffeca5a0000 - 0x00007ffeca5b0000 	C:\Program Files\Java\jdk-11\bin\verify.dll
0x00007ffee7a90000 - 0x00007ffee7c74000 	C:\WINDOWS\SYSTEM32\DBGHELP.DLL
0x00007ffeca560000 - 0x00007ffeca594000 	C:\WINDOWS\SYSTEM32\dbgcore.DLL
0x00007ffeecf10000 - 0x00007ffeecf92000 	C:\WINDOWS\System32\bcryptPrimitives.dll
0x00007ffea1ef0000 - 0x00007ffea1f18000 	C:\Program Files\Java\jdk-11\bin\java.dll
0x00007ffec9d00000 - 0x00007ffec9d0a000 	C:\Program Files\Java\jdk-11\bin\jimage.dll
0x00007ffea1da0000 - 0x00007ffea1db7000 	C:\Program Files\Java\jdk-11\bin\zip.dll
0x00007ffeee880000 - 0x00007ffeeefc4000 	C:\WINDOWS\System32\SHELL32.dll
0x00007ffee7dd0000 - 0x00007ffee856b000 	C:\WINDOWS\SYSTEM32\windows.storage.dll
0x00007ffeee320000 - 0x00007ffeee674000 	C:\WINDOWS\System32\combase.dll
0x00007ffeec8b0000 - 0x00007ffeec8dd000 	C:\WINDOWS\SYSTEM32\Wldp.dll
0x00007ffeed7f0000 - 0x00007ffeed89d000 	C:\WINDOWS\System32\SHCORE.dll
0x00007ffeef6f0000 - 0x00007ffeef745000 	C:\WINDOWS\System32\shlwapi.dll
0x00007ffeecda0000 - 0x00007ffeecdc5000 	C:\WINDOWS\SYSTEM32\profapi.dll
0x00007ffe999e0000 - 0x00007ffe999f9000 	C:\Program Files\Java\jdk-11\bin\net.dll
0x00007ffee1480000 - 0x00007ffee158a000 	C:\WINDOWS\SYSTEM32\WINHTTP.dll
0x00007ffeec610000 - 0x00007ffeec67a000 	C:\WINDOWS\system32\mswsock.dll
0x00007ffe999c0000 - 0x00007ffe999d2000 	C:\Program Files\Java\jdk-11\bin\nio.dll
0x00007ffebde80000 - 0x00007ffebdea7000 	C:\Users\User\.gradle\native\68d5fa5c4cc2d200863cafc0d521ce42e7d3e7ee720ec0a83991735586a16f82\windows-amd64\native-platform.dll
0x00007ffeb36d0000 - 0x00007ffeb3814000 	C:\Users\User\.gradle\native\e376f236ea51e6404a007f0833ffe2c6e607c4080706a723a18a27aeea778392\windows-amd64\native-platform-file-events.dll
0x00007ffec76e0000 - 0x00007ffec76e9000 	C:\Program Files\Java\jdk-11\bin\management.dll
0x00007ffec5ee0000 - 0x00007ffec5eeb000 	C:\Program Files\Java\jdk-11\bin\management_ext.dll
0x00007ffeec800000 - 0x00007ffeec818000 	C:\WINDOWS\SYSTEM32\CRYPTSP.dll
0x00007ffeebed0000 - 0x00007ffeebf04000 	C:\WINDOWS\system32\rsaenh.dll
0x00007ffeed170000 - 0x00007ffeed197000 	C:\WINDOWS\System32\bcrypt.dll
0x00007ffeecd60000 - 0x00007ffeecd8e000 	C:\WINDOWS\SYSTEM32\USERENV.dll
0x00007ffeec820000 - 0x00007ffeec82c000 	C:\WINDOWS\SYSTEM32\CRYPTBASE.dll
0x00007ffeec2b0000 - 0x00007ffeec2eb000 	C:\WINDOWS\SYSTEM32\IPHLPAPI.DLL
0x00007ffeee040000 - 0x00007ffeee048000 	C:\WINDOWS\System32\NSI.dll
0x00007ffee31d0000 - 0x00007ffee31e7000 	C:\WINDOWS\SYSTEM32\dhcpcsvc6.DLL
0x00007ffee3310000 - 0x00007ffee332d000 	C:\WINDOWS\SYSTEM32\dhcpcsvc.DLL
0x00007ffeec300000 - 0x00007ffeec3ca000 	C:\WINDOWS\SYSTEM32\DNSAPI.dll

dbghelp: loaded successfully - version: 4.0.5 - missing functions: none
symbol engine: initialized successfully - sym options: 0x614 - pdb path: .;C:\Program Files\Java\jdk-11\bin;C:\WINDOWS\SYSTEM32;C:\WINDOWS\WinSxS\amd64_microsoft.windows.common-controls_6595b64144ccf1df_6.0.19041.3636_none_60b6a03d71f818d5;C:\Program Files\Java\jdk-11\bin\server;C:\Users\User\.gradle\native\68d5fa5c4cc2d200863cafc0d521ce42e7d3e7ee720ec0a83991735586a16f82\windows-amd64;C:\Users\User\.gradle\native\e376f236ea51e6404a007f0833ffe2c6e607c4080706a723a18a27aeea778392\windows-amd64

VM Arguments:
jvm_args: -XX:MaxMetaspaceSize=512m --add-opens=java.base/java.util=ALL-UNNAMED --add-opens=java.base/java.lang=ALL-UNNAMED --add-opens=java.base/java.lang.invoke=ALL-UNNAMED --add-opens=java.prefs/java.util.prefs=ALL-UNNAMED --add-opens=java.base/java.nio.charset=ALL-UNNAMED --add-opens=java.base/java.net=ALL-UNNAMED --add-opens=java.base/java.util.concurrent.atomic=ALL-UNNAMED -Xmx2048m -Dfile.encoding=windows-1254 -Duser.country=TR -Duser.language=tr -Duser.variant 
java_command: org.gradle.launcher.daemon.bootstrap.GradleDaemon 8.0.1
java_class_path (initial): C:\Users\User\.gradle\wrapper\dists\gradle-8.0.1-all\aro4hu1c3oeioove7l0i4i14o\gradle-8.0.1\lib\gradle-launcher-8.0.1.jar
Launcher Type: SUN_STANDARD

[Global flags]
     intx CICompilerCount                          = 3                                         {product} {ergonomic}
   size_t CompressedClassSpaceSize                 = 528482304                                 {product} {ergonomic}
     uint ConcGCThreads                            = 1                                         {product} {ergonomic}
     uint G1ConcRefinementThreads                  = 4                                         {product} {ergonomic}
   size_t G1HeapRegionSize                         = 1048576                                   {product} {ergonomic}
    uintx GCDrainStackTargetSize                   = 64                                        {product} {ergonomic}
   size_t InitialHeapSize                          = 65011712                                  {product} {ergonomic}
   size_t MarkStackSize                            = 4194304                                   {product} {ergonomic}
   size_t MaxHeapSize                              = 2147483648                                {product} {command line}
   size_t MaxMetaspaceSize                         = 536870912                                 {product} {command line}
   size_t MaxNewSize                               = 1287651328                                {product} {ergonomic}
   size_t MinHeapDeltaBytes                        = 1048576                                   {product} {ergonomic}
    uintx NonNMethodCodeHeapSize                   = 5830732                                {pd product} {ergonomic}
    uintx NonProfiledCodeHeapSize                  = 122913754                              {pd product} {ergonomic}
    uintx ProfiledCodeHeapSize                     = 122913754                              {pd product} {ergonomic}
    uintx ReservedCodeCacheSize                    = 251658240                              {pd product} {ergonomic}
     bool SegmentedCodeCache                       = true                                      {product} {ergonomic}
     bool UseCompressedClassPointers               = true                                 {lp64_product} {ergonomic}
     bool UseCompressedOops                        = true                                 {lp64_product} {ergonomic}
     bool UseG1GC                                  = true                                      {product} {ergonomic}
     bool UseLargePagesIndividualAllocation        = false                                  {pd product} {ergonomic}

Logging:
Log output configuration:
 #0: stdout all=warning uptime,level,tags
 #1: stderr all=off uptime,level,tags

Environment Variables:
JAVA_HOME=C:\Program Files\Java\jdk-11
CLASSPATH=C:\Users\User\Desktop\Maket\AwesomeProject\android\\gradle\wrapper\gradle-wrapper.jar
PATH=C:\Users\User\Desktop\Maket\AwesomeProject\node_modules\.bin;C:\Users\User\Desktop\Maket\AwesomeProject\node_modules\.bin;C:\Users\User\Desktop\Maket\node_modules\.bin;C:\Users\User\Desktop\node_modules\.bin;C:\Users\User\node_modules\.bin;C:\Users\node_modules\.bin;C:\node_modules\.bin;C:\Program Files\nodejs\node_modules\npm\node_modules\@npmcli\run-script\lib\node-gyp-bin;C:\Users\User\Desktop\Maket\AwesomeProject\node_modules\.bin;C:\Users\User\Desktop\Maket\node_modules\.bin;C:\Users\User\Desktop\node_modules\.bin;C:\Users\User\node_modules\.bin;C:\Users\node_modules\.bin;C:\node_modules\.bin;C:\Program Files\nodejs\node_modules\npm\node_modules\@npmcli\run-script\lib\node-gyp-bin;C:\Program Files\Common Files\Oracle\Java\javapath;C:\Program Files\Python312\Scripts\;C:\Program Files\Python312\;C:\WINDOWS\system32;C:\WINDOWS;C:\WINDOWS\System32\Wbem;C:\WINDOWS\System32\WindowsPowerShell\v1.0\;C:\WINDOWS\System32\OpenSSH\;C:\Program Files\Microsoft VS Code\bin;C:\Program Files\nodejs\;C:\Users\User\AppData\Local\Android\Sdk\platform-tools;C:\Program Files\Git\cmd;C:\Users\User\AppData\Local\Microsoft\WindowsApps;C:\Users\User\AppData\Roaming\npm;C:\Users\User\AppData\Local\Android\Sdk\platform-tools;
USERNAME=User
OS=Windows_NT
PROCESSOR_IDENTIFIER=Intel64 Family 6 Model 142 Stepping 11, GenuineIntel



---------------  S Y S T E M  ---------------

OS: Windows 10 , 64 bit Build 19041 (10.0.19041.3636)

CPU:total 4 (initial active 4) (2 cores per cpu, 2 threads per core) family 6 model 142 stepping 11 microcode 0xca, cmov, cx8, fxsr, mmx, sse, sse2, sse3, ssse3, sse4.1, sse4.2, popcnt, avx, avx2, aes, clmul, erms, 3dnowpref, lzcnt, ht, tsc, tscinvbit, bmi1, bmi2, adx, fma

Memory: 4k page, system-wide physical 3944M (64M free)
TotalPageFile size 16232M (AvailPageFile size 34M)
current process WorkingSet (physical memory assigned to process): 37M, peak: 81M
current process commit charge ("private bytes"): 212M, peak: 215M

vm_info: Java HotSpot(TM) 64-Bit Server VM (11.0.20+9-LTS-256) for windows-amd64 JRE (11.0.20+9-LTS-256), built on Jun 14 2023 10:34:22 by "mach5one" with MS VC++ 17.1 (VS2022)

END.
